19:29:50.771 [main] INFO com.oci.mds.Runner - Starting MDS Sample....
[34mINFO [0;39m 2020-12-24 19:29:52 i.d.s.DefaultServerFactory: Registering jersey handler with root path prefix: /
[34mINFO [0;39m 2020-12-24 19:29:52 i.d.s.DefaultServerFactory: Registering admin handler with root path prefix: /
[34mINFO [0;39m 2020-12-24 19:29:52 c.o.b.i.IdentityClient: Setting endpoint to https://mysql.us-ashburn-1.ocp.oraclecloud.com
[34mINFO [0;39m 2020-12-24 19:29:52 c.o.b.m.DbBackupsClient: Setting endpoint to https://mysql.us-ashburn-1.ocp.oraclecloud.com
[34mINFO [0;39m 2020-12-24 19:29:52 c.o.b.m.DbSystemClient: Setting endpoint to https://mysql.us-ashburn-1.ocp.oraclecloud.com
[34mINFO [0;39m 2020-12-24 19:29:52 c.o.b.m.MysqlaasClient: Setting endpoint to https://mysql.us-ashburn-1.ocp.oraclecloud.com
[34mINFO [0;39m 2020-12-24 19:29:53 c.o.b.ClientRuntime: Using SDK: Oracle-JavaSDK/1.28.0
[34mINFO [0;39m 2020-12-24 19:29:53 c.o.b.ClientRuntime: User agent set to: Oracle-JavaSDK/1.28.0 (Linux/4.15.0-128-generic; Java/1.8.0_275; OpenJDK 64-Bit Server VM/25.275-b01)
[34mINFO [0;39m 2020-12-24 19:30:01 c.o.m.s.BackupSample: Creating DbSystem
[34mINFO [0;39m 2020-12-24 19:30:07 c.o.m.m.AbstractManager: Waiting to become [Active] ... executed time 0 seconds (timeout: 1800s)
| DbSystem [Creating]: ocid1.mysqldbsystem.oc1.iad.aaaaaaaalsajeidser3dcriohf4c2k4cm2oit5gbkfv54xtbtc6n4oq5d5ha - 'OCI-MDS.BackupSample.1608848992973.DbSystem' 

[34mINFO [0;39m 2020-12-24 19:30:19 c.o.m.m.AbstractManager: Waiting to become [Active] ... executed time 12 seconds (timeout: 1800s)
| DbSystem [Creating]: ocid1.mysqldbsystem.oc1.iad.aaaaaaaalsajeidser3dcriohf4c2k4cm2oit5gbkfv54xtbtc6n4oq5d5ha - 'OCI-MDS.BackupSample.1608848992973.DbSystem' 

[34mINFO [0;39m 2020-12-24 19:30:31 c.o.m.m.AbstractManager: Waiting to become [Active] ... executed time 24 seconds (timeout: 1800s)
| DbSystem [Creating]: ocid1.mysqldbsystem.oc1.iad.aaaaaaaalsajeidser3dcriohf4c2k4cm2oit5gbkfv54xtbtc6n4oq5d5ha - 'OCI-MDS.BackupSample.1608848992973.DbSystem' 

[34mINFO [0;39m 2020-12-24 19:30:43 c.o.m.m.AbstractManager: Waiting to become [Active] ... executed time 36 seconds (timeout: 1800s)
| DbSystem [Creating]: ocid1.mysqldbsystem.oc1.iad.aaaaaaaalsajeidser3dcriohf4c2k4cm2oit5gbkfv54xtbtc6n4oq5d5ha - 'OCI-MDS.BackupSample.1608848992973.DbSystem' 

[34mINFO [0;39m 2020-12-24 19:30:55 c.o.m.m.AbstractManager: Waiting to become [Active] ... executed time 48 seconds (timeout: 1800s)
| DbSystem [Creating]: ocid1.mysqldbsystem.oc1.iad.aaaaaaaalsajeidser3dcriohf4c2k4cm2oit5gbkfv54xtbtc6n4oq5d5ha - 'OCI-MDS.BackupSample.1608848992973.DbSystem' 

[34mINFO [0;39m 2020-12-24 19:31:08 c.o.m.m.AbstractManager: Waiting to become [Active] ... executed time 60 seconds (timeout: 1800s)
| DbSystem [Creating]: ocid1.mysqldbsystem.oc1.iad.aaaaaaaalsajeidser3dcriohf4c2k4cm2oit5gbkfv54xtbtc6n4oq5d5ha - 'OCI-MDS.BackupSample.1608848992973.DbSystem' 

[34mINFO [0;39m 2020-12-24 19:31:19 c.o.m.m.AbstractManager: Waiting to become [Active] ... executed time 72 seconds (timeout: 1800s)
| DbSystem [Creating]: ocid1.mysqldbsystem.oc1.iad.aaaaaaaalsajeidser3dcriohf4c2k4cm2oit5gbkfv54xtbtc6n4oq5d5ha - 'OCI-MDS.BackupSample.1608848992973.DbSystem' 

[34mINFO [0;39m 2020-12-24 19:31:31 c.o.m.m.AbstractManager: Waiting to become [Active] ... executed time 84 seconds (timeout: 1800s)
| DbSystem [Creating]: ocid1.mysqldbsystem.oc1.iad.aaaaaaaalsajeidser3dcriohf4c2k4cm2oit5gbkfv54xtbtc6n4oq5d5ha - 'OCI-MDS.BackupSample.1608848992973.DbSystem' 

[34mINFO [0;39m 2020-12-24 19:31:44 c.o.m.m.AbstractManager: Waiting to become [Active] ... executed time 96 seconds (timeout: 1800s)
| DbSystem [Creating]: ocid1.mysqldbsystem.oc1.iad.aaaaaaaalsajeidser3dcriohf4c2k4cm2oit5gbkfv54xtbtc6n4oq5d5ha - 'OCI-MDS.BackupSample.1608848992973.DbSystem' 

[34mINFO [0;39m 2020-12-24 19:31:55 c.o.m.m.AbstractManager: Waiting to become [Active] ... executed time 108 seconds (timeout: 1800s)
| DbSystem [Creating]: ocid1.mysqldbsystem.oc1.iad.aaaaaaaalsajeidser3dcriohf4c2k4cm2oit5gbkfv54xtbtc6n4oq5d5ha - 'OCI-MDS.BackupSample.1608848992973.DbSystem' 

[34mINFO [0;39m 2020-12-24 19:32:07 c.o.m.m.AbstractManager: Waiting to become [Active] ... executed time 120 seconds (timeout: 1800s)
| DbSystem [Creating]: ocid1.mysqldbsystem.oc1.iad.aaaaaaaalsajeidser3dcriohf4c2k4cm2oit5gbkfv54xtbtc6n4oq5d5ha - 'OCI-MDS.BackupSample.1608848992973.DbSystem' 

[34mINFO [0;39m 2020-12-24 19:32:19 c.o.m.m.AbstractManager: Waiting to become [Active] ... executed time 132 seconds (timeout: 1800s)
| DbSystem [Creating]: ocid1.mysqldbsystem.oc1.iad.aaaaaaaalsajeidser3dcriohf4c2k4cm2oit5gbkfv54xtbtc6n4oq5d5ha - 'OCI-MDS.BackupSample.1608848992973.DbSystem' 

[34mINFO [0;39m 2020-12-24 19:32:31 c.o.m.m.AbstractManager: Waiting to become [Active] ... executed time 144 seconds (timeout: 1800s)
| DbSystem [Creating]: ocid1.mysqldbsystem.oc1.iad.aaaaaaaalsajeidser3dcriohf4c2k4cm2oit5gbkfv54xtbtc6n4oq5d5ha - 'OCI-MDS.BackupSample.1608848992973.DbSystem' 

[34mINFO [0;39m 2020-12-24 19:32:43 c.o.m.m.AbstractManager: Waiting to become [Active] ... executed time 156 seconds (timeout: 1800s)
| DbSystem [Creating]: ocid1.mysqldbsystem.oc1.iad.aaaaaaaalsajeidser3dcriohf4c2k4cm2oit5gbkfv54xtbtc6n4oq5d5ha - 'OCI-MDS.BackupSample.1608848992973.DbSystem' 

[34mINFO [0;39m 2020-12-24 19:32:55 c.o.m.m.AbstractManager: Waiting to become [Active] ... executed time 168 seconds (timeout: 1800s)
| DbSystem [Creating]: ocid1.mysqldbsystem.oc1.iad.aaaaaaaalsajeidser3dcriohf4c2k4cm2oit5gbkfv54xtbtc6n4oq5d5ha - 'OCI-MDS.BackupSample.1608848992973.DbSystem' 

[34mINFO [0;39m 2020-12-24 19:33:07 c.o.m.m.AbstractManager: Waiting to become [Active] ... executed time 180 seconds (timeout: 1800s)
| DbSystem [Creating]: ocid1.mysqldbsystem.oc1.iad.aaaaaaaalsajeidser3dcriohf4c2k4cm2oit5gbkfv54xtbtc6n4oq5d5ha - 'OCI-MDS.BackupSample.1608848992973.DbSystem' 

[34mINFO [0;39m 2020-12-24 19:33:19 c.o.m.m.AbstractManager: Waiting to become [Active] ... executed time 191 seconds (timeout: 1800s)
| DbSystem [Creating]: ocid1.mysqldbsystem.oc1.iad.aaaaaaaalsajeidser3dcriohf4c2k4cm2oit5gbkfv54xtbtc6n4oq5d5ha - 'OCI-MDS.BackupSample.1608848992973.DbSystem' 

[34mINFO [0;39m 2020-12-24 19:33:31 c.o.m.m.AbstractManager: Waiting to become [Active] ... executed time 203 seconds (timeout: 1800s)
| DbSystem [Creating]: ocid1.mysqldbsystem.oc1.iad.aaaaaaaalsajeidser3dcriohf4c2k4cm2oit5gbkfv54xtbtc6n4oq5d5ha - 'OCI-MDS.BackupSample.1608848992973.DbSystem' 

[34mINFO [0;39m 2020-12-24 19:33:43 c.o.m.m.AbstractManager: Waiting to become [Active] ... executed time 215 seconds (timeout: 1800s)
| DbSystem [Creating]: ocid1.mysqldbsystem.oc1.iad.aaaaaaaalsajeidser3dcriohf4c2k4cm2oit5gbkfv54xtbtc6n4oq5d5ha - 'OCI-MDS.BackupSample.1608848992973.DbSystem' 

[34mINFO [0;39m 2020-12-24 19:33:56 c.o.m.m.AbstractManager: Waiting to become [Active] ... executed time 229 seconds (timeout: 1800s)
| DbSystem [Creating]: ocid1.mysqldbsystem.oc1.iad.aaaaaaaalsajeidser3dcriohf4c2k4cm2oit5gbkfv54xtbtc6n4oq5d5ha - 'OCI-MDS.BackupSample.1608848992973.DbSystem' 

[34mINFO [0;39m 2020-12-24 19:34:08 c.o.m.m.AbstractManager: Waiting to become [Active] ... executed time 241 seconds (timeout: 1800s)
| DbSystem [Creating]: ocid1.mysqldbsystem.oc1.iad.aaaaaaaalsajeidser3dcriohf4c2k4cm2oit5gbkfv54xtbtc6n4oq5d5ha - 'OCI-MDS.BackupSample.1608848992973.DbSystem' 

[34mINFO [0;39m 2020-12-24 19:34:20 c.o.m.m.AbstractManager: Waiting to become [Active] ... executed time 253 seconds (timeout: 1800s)
| DbSystem [Creating]: ocid1.mysqldbsystem.oc1.iad.aaaaaaaalsajeidser3dcriohf4c2k4cm2oit5gbkfv54xtbtc6n4oq5d5ha - 'OCI-MDS.BackupSample.1608848992973.DbSystem' 

[34mINFO [0;39m 2020-12-24 19:34:32 c.o.m.m.AbstractManager: Waiting to become [Active] ... executed time 265 seconds (timeout: 1800s)
| DbSystem [Creating]: ocid1.mysqldbsystem.oc1.iad.aaaaaaaalsajeidser3dcriohf4c2k4cm2oit5gbkfv54xtbtc6n4oq5d5ha - 'OCI-MDS.BackupSample.1608848992973.DbSystem' 

[34mINFO [0;39m 2020-12-24 19:34:44 c.o.m.m.AbstractManager: Waiting to become [Active] ... executed time 277 seconds (timeout: 1800s)
| DbSystem [Creating]: ocid1.mysqldbsystem.oc1.iad.aaaaaaaalsajeidser3dcriohf4c2k4cm2oit5gbkfv54xtbtc6n4oq5d5ha - 'OCI-MDS.BackupSample.1608848992973.DbSystem' 

[34mINFO [0;39m 2020-12-24 19:34:56 c.o.m.m.AbstractManager: Waiting to become [Active] ... executed time 289 seconds (timeout: 1800s)
| DbSystem [Creating]: ocid1.mysqldbsystem.oc1.iad.aaaaaaaalsajeidser3dcriohf4c2k4cm2oit5gbkfv54xtbtc6n4oq5d5ha - 'OCI-MDS.BackupSample.1608848992973.DbSystem' 

[34mINFO [0;39m 2020-12-24 19:35:08 c.o.m.m.AbstractManager: Waiting to become [Active] ... executed time 301 seconds (timeout: 1800s)
| DbSystem [Creating]: ocid1.mysqldbsystem.oc1.iad.aaaaaaaalsajeidser3dcriohf4c2k4cm2oit5gbkfv54xtbtc6n4oq5d5ha - 'OCI-MDS.BackupSample.1608848992973.DbSystem' 

[34mINFO [0;39m 2020-12-24 19:35:21 c.o.m.m.AbstractManager: Waiting to become [Active] ... executed time 313 seconds (timeout: 1800s)
| DbSystem [Creating]: ocid1.mysqldbsystem.oc1.iad.aaaaaaaalsajeidser3dcriohf4c2k4cm2oit5gbkfv54xtbtc6n4oq5d5ha - 'OCI-MDS.BackupSample.1608848992973.DbSystem' 

[34mINFO [0;39m 2020-12-24 19:35:33 c.o.m.m.AbstractManager: Waiting to become [Active] ... executed time 326 seconds (timeout: 1800s)
| DbSystem [Creating]: ocid1.mysqldbsystem.oc1.iad.aaaaaaaalsajeidser3dcriohf4c2k4cm2oit5gbkfv54xtbtc6n4oq5d5ha - 'OCI-MDS.BackupSample.1608848992973.DbSystem' 

[34mINFO [0;39m 2020-12-24 19:35:45 c.o.m.m.AbstractManager: Waiting to become [Active] ... executed time 338 seconds (timeout: 1800s)
| DbSystem [Creating]: ocid1.mysqldbsystem.oc1.iad.aaaaaaaalsajeidser3dcriohf4c2k4cm2oit5gbkfv54xtbtc6n4oq5d5ha - 'OCI-MDS.BackupSample.1608848992973.DbSystem' 

[34mINFO [0;39m 2020-12-24 19:35:57 c.o.m.m.AbstractManager: Waiting to become [Active] ... executed time 350 seconds (timeout: 1800s)
| DbSystem [Creating]: ocid1.mysqldbsystem.oc1.iad.aaaaaaaalsajeidser3dcriohf4c2k4cm2oit5gbkfv54xtbtc6n4oq5d5ha - 'OCI-MDS.BackupSample.1608848992973.DbSystem' 

[34mINFO [0;39m 2020-12-24 19:36:10 c.o.m.m.AbstractManager: Waiting to become [Active] ... executed time 363 seconds (timeout: 1800s)
| DbSystem [Creating]: ocid1.mysqldbsystem.oc1.iad.aaaaaaaalsajeidser3dcriohf4c2k4cm2oit5gbkfv54xtbtc6n4oq5d5ha - 'OCI-MDS.BackupSample.1608848992973.DbSystem' 

[34mINFO [0;39m 2020-12-24 19:36:22 c.o.m.m.AbstractManager: Waiting to become [Active] ... executed time 375 seconds (timeout: 1800s)
| DbSystem [Creating]: ocid1.mysqldbsystem.oc1.iad.aaaaaaaalsajeidser3dcriohf4c2k4cm2oit5gbkfv54xtbtc6n4oq5d5ha - 'OCI-MDS.BackupSample.1608848992973.DbSystem' 

[34mINFO [0;39m 2020-12-24 19:36:34 c.o.m.m.AbstractManager: Waiting to become [Active] ... executed time 387 seconds (timeout: 1800s)
| DbSystem [Creating]: ocid1.mysqldbsystem.oc1.iad.aaaaaaaalsajeidser3dcriohf4c2k4cm2oit5gbkfv54xtbtc6n4oq5d5ha - 'OCI-MDS.BackupSample.1608848992973.DbSystem' 

[34mINFO [0;39m 2020-12-24 19:36:46 c.o.m.m.AbstractManager: Waiting to become [Active] ... executed time 399 seconds (timeout: 1800s)
| DbSystem [Creating]: ocid1.mysqldbsystem.oc1.iad.aaaaaaaalsajeidser3dcriohf4c2k4cm2oit5gbkfv54xtbtc6n4oq5d5ha - 'OCI-MDS.BackupSample.1608848992973.DbSystem' 

[34mINFO [0;39m 2020-12-24 19:36:58 c.o.m.m.AbstractManager: Waiting to become [Active] ... executed time 411 seconds (timeout: 1800s)
| DbSystem [Creating]: ocid1.mysqldbsystem.oc1.iad.aaaaaaaalsajeidser3dcriohf4c2k4cm2oit5gbkfv54xtbtc6n4oq5d5ha - 'OCI-MDS.BackupSample.1608848992973.DbSystem' 

[34mINFO [0;39m 2020-12-24 19:37:10 c.o.m.m.AbstractManager: Waiting to become [Active] ... executed time 423 seconds (timeout: 1800s)
| DbSystem [Creating]: ocid1.mysqldbsystem.oc1.iad.aaaaaaaalsajeidser3dcriohf4c2k4cm2oit5gbkfv54xtbtc6n4oq5d5ha - 'OCI-MDS.BackupSample.1608848992973.DbSystem' 

[34mINFO [0;39m 2020-12-24 19:37:22 c.o.m.m.AbstractManager: Waiting to become [Active] ... executed time 435 seconds (timeout: 1800s)
| DbSystem [Creating]: ocid1.mysqldbsystem.oc1.iad.aaaaaaaalsajeidser3dcriohf4c2k4cm2oit5gbkfv54xtbtc6n4oq5d5ha - 'OCI-MDS.BackupSample.1608848992973.DbSystem' 

[34mINFO [0;39m 2020-12-24 19:37:34 c.o.m.m.AbstractManager: Waiting to become [Active] ... executed time 447 seconds (timeout: 1800s)
| DbSystem [Creating]: ocid1.mysqldbsystem.oc1.iad.aaaaaaaalsajeidser3dcriohf4c2k4cm2oit5gbkfv54xtbtc6n4oq5d5ha - 'OCI-MDS.BackupSample.1608848992973.DbSystem' 

[34mINFO [0;39m 2020-12-24 19:37:47 c.o.m.m.AbstractManager: Waiting to become [Active] ... executed time 459 seconds (timeout: 1800s)
| DbSystem [Creating]: ocid1.mysqldbsystem.oc1.iad.aaaaaaaalsajeidser3dcriohf4c2k4cm2oit5gbkfv54xtbtc6n4oq5d5ha - 'OCI-MDS.BackupSample.1608848992973.DbSystem' 

[34mINFO [0;39m 2020-12-24 19:37:58 c.o.m.m.AbstractManager: Waiting to become [Active] ... executed time 471 seconds (timeout: 1800s)
| DbSystem [Creating]: ocid1.mysqldbsystem.oc1.iad.aaaaaaaalsajeidser3dcriohf4c2k4cm2oit5gbkfv54xtbtc6n4oq5d5ha - 'OCI-MDS.BackupSample.1608848992973.DbSystem' 

[34mINFO [0;39m 2020-12-24 19:38:10 c.o.m.m.AbstractManager: Waiting to become [Active] ... executed time 483 seconds (timeout: 1800s)
| DbSystem [Creating]: ocid1.mysqldbsystem.oc1.iad.aaaaaaaalsajeidser3dcriohf4c2k4cm2oit5gbkfv54xtbtc6n4oq5d5ha - 'OCI-MDS.BackupSample.1608848992973.DbSystem' 

[34mINFO [0;39m 2020-12-24 19:38:22 c.o.m.m.AbstractManager: Waiting to become [Active] ... executed time 495 seconds (timeout: 1800s)
| DbSystem [Creating]: ocid1.mysqldbsystem.oc1.iad.aaaaaaaalsajeidser3dcriohf4c2k4cm2oit5gbkfv54xtbtc6n4oq5d5ha - 'OCI-MDS.BackupSample.1608848992973.DbSystem' 

[34mINFO [0;39m 2020-12-24 19:38:34 c.o.m.m.AbstractManager: Waiting to become [Active] ... executed time 507 seconds (timeout: 1800s)
| DbSystem [Creating]: ocid1.mysqldbsystem.oc1.iad.aaaaaaaalsajeidser3dcriohf4c2k4cm2oit5gbkfv54xtbtc6n4oq5d5ha - 'OCI-MDS.BackupSample.1608848992973.DbSystem' 

[34mINFO [0;39m 2020-12-24 19:38:46 c.o.m.m.AbstractManager: Waiting to become [Active] ... executed time 519 seconds (timeout: 1800s)
| DbSystem [Creating]: ocid1.mysqldbsystem.oc1.iad.aaaaaaaalsajeidser3dcriohf4c2k4cm2oit5gbkfv54xtbtc6n4oq5d5ha - 'OCI-MDS.BackupSample.1608848992973.DbSystem' 

[34mINFO [0;39m 2020-12-24 19:38:59 c.o.m.m.AbstractManager: Waiting to become [Active] ... executed time 531 seconds (timeout: 1800s)
| DbSystem [Creating]: ocid1.mysqldbsystem.oc1.iad.aaaaaaaalsajeidser3dcriohf4c2k4cm2oit5gbkfv54xtbtc6n4oq5d5ha - 'OCI-MDS.BackupSample.1608848992973.DbSystem' 

[34mINFO [0;39m 2020-12-24 19:39:10 c.o.m.m.AbstractManager: Waiting to become [Active] ... executed time 543 seconds (timeout: 1800s)
| DbSystem [Creating]: ocid1.mysqldbsystem.oc1.iad.aaaaaaaalsajeidser3dcriohf4c2k4cm2oit5gbkfv54xtbtc6n4oq5d5ha - 'OCI-MDS.BackupSample.1608848992973.DbSystem' 

[34mINFO [0;39m 2020-12-24 19:39:22 c.o.m.m.AbstractManager: Waiting to become [Active] ... executed time 555 seconds (timeout: 1800s)
| DbSystem [Creating]: ocid1.mysqldbsystem.oc1.iad.aaaaaaaalsajeidser3dcriohf4c2k4cm2oit5gbkfv54xtbtc6n4oq5d5ha - 'OCI-MDS.BackupSample.1608848992973.DbSystem' 

[34mINFO [0;39m 2020-12-24 19:39:35 c.o.m.m.AbstractManager: Waiting to become [Active] ... executed time 568 seconds (timeout: 1800s)
| DbSystem [Creating]: ocid1.mysqldbsystem.oc1.iad.aaaaaaaalsajeidser3dcriohf4c2k4cm2oit5gbkfv54xtbtc6n4oq5d5ha - 'OCI-MDS.BackupSample.1608848992973.DbSystem' 

[34mINFO [0;39m 2020-12-24 19:39:47 c.o.m.m.AbstractManager: Waiting to become [Active] ... executed time 579 seconds (timeout: 1800s)
| DbSystem [Creating]: ocid1.mysqldbsystem.oc1.iad.aaaaaaaalsajeidser3dcriohf4c2k4cm2oit5gbkfv54xtbtc6n4oq5d5ha - 'OCI-MDS.BackupSample.1608848992973.DbSystem' 

[34mINFO [0;39m 2020-12-24 19:39:58 c.o.m.m.AbstractManager: Waiting to become [Active] ... executed time 591 seconds (timeout: 1800s)
| DbSystem [Creating]: ocid1.mysqldbsystem.oc1.iad.aaaaaaaalsajeidser3dcriohf4c2k4cm2oit5gbkfv54xtbtc6n4oq5d5ha - 'OCI-MDS.BackupSample.1608848992973.DbSystem' 

[34mINFO [0;39m 2020-12-24 19:40:11 c.o.m.m.AbstractManager: Waiting to become [Active] ... executed time 603 seconds (timeout: 1800s)
| DbSystem [Creating]: ocid1.mysqldbsystem.oc1.iad.aaaaaaaalsajeidser3dcriohf4c2k4cm2oit5gbkfv54xtbtc6n4oq5d5ha - 'OCI-MDS.BackupSample.1608848992973.DbSystem' 

[34mINFO [0;39m 2020-12-24 19:40:22 c.o.m.m.AbstractManager: Waiting to become [Active] ... executed time 615 seconds (timeout: 1800s)
| DbSystem [Creating]: ocid1.mysqldbsystem.oc1.iad.aaaaaaaalsajeidser3dcriohf4c2k4cm2oit5gbkfv54xtbtc6n4oq5d5ha - 'OCI-MDS.BackupSample.1608848992973.DbSystem' 

[34mINFO [0;39m 2020-12-24 19:40:34 c.o.m.m.AbstractManager: Waiting to become [Active] ... executed time 627 seconds (timeout: 1800s)
| DbSystem [Creating]: ocid1.mysqldbsystem.oc1.iad.aaaaaaaalsajeidser3dcriohf4c2k4cm2oit5gbkfv54xtbtc6n4oq5d5ha - 'OCI-MDS.BackupSample.1608848992973.DbSystem' 

[34mINFO [0;39m 2020-12-24 19:40:47 c.o.m.m.AbstractManager: Waiting to become [Active] ... executed time 639 seconds (timeout: 1800s)
| DbSystem [Creating]: ocid1.mysqldbsystem.oc1.iad.aaaaaaaalsajeidser3dcriohf4c2k4cm2oit5gbkfv54xtbtc6n4oq5d5ha - 'OCI-MDS.BackupSample.1608848992973.DbSystem' 

[34mINFO [0;39m 2020-12-24 19:40:59 c.o.m.m.AbstractManager: Waiting to become [Active] ... executed time 651 seconds (timeout: 1800s)
| DbSystem [Creating]: ocid1.mysqldbsystem.oc1.iad.aaaaaaaalsajeidser3dcriohf4c2k4cm2oit5gbkfv54xtbtc6n4oq5d5ha - 'OCI-MDS.BackupSample.1608848992973.DbSystem' 

[34mINFO [0;39m 2020-12-24 19:41:10 c.o.m.m.AbstractManager: Waiting to become [Active] ... executed time 663 seconds (timeout: 1800s)
| DbSystem [Creating]: ocid1.mysqldbsystem.oc1.iad.aaaaaaaalsajeidser3dcriohf4c2k4cm2oit5gbkfv54xtbtc6n4oq5d5ha - 'OCI-MDS.BackupSample.1608848992973.DbSystem' 

[34mINFO [0;39m 2020-12-24 19:41:22 c.o.m.m.AbstractManager: Waiting to become [Active] ... executed time 675 seconds (timeout: 1800s)
| DbSystem [Creating]: ocid1.mysqldbsystem.oc1.iad.aaaaaaaalsajeidser3dcriohf4c2k4cm2oit5gbkfv54xtbtc6n4oq5d5ha - 'OCI-MDS.BackupSample.1608848992973.DbSystem' 

[34mINFO [0;39m 2020-12-24 19:41:35 c.o.m.m.AbstractManager: Waiting to become [Active] ... executed time 688 seconds (timeout: 1800s)
| DbSystem [Active]: ocid1.mysqldbsystem.oc1.iad.aaaaaaaalsajeidser3dcriohf4c2k4cm2oit5gbkfv54xtbtc6n4oq5d5ha - 'OCI-MDS.BackupSample.1608848992973.DbSystem' 

[34mINFO [0;39m 2020-12-24 19:41:45 c.o.m.s.BackupSample: Creating Backup
[34mINFO [0;39m 2020-12-24 19:41:47 c.o.m.m.AbstractManager: Waiting to become [Active] ... executed time 0 seconds (timeout: 600s)
| Backup [Creating]: ocid1.mysqlbackup.oc1.iad.aaaaaaaab6wu3vwrgwbytwhen5addwyqz2tanjfroua4ymyucshr7kn27era - 'OCI-MDS.BackupSample.1608849705176.Backup' 

[34mINFO [0;39m 2020-12-24 19:42:00 c.o.m.m.AbstractManager: Waiting to become [Active] ... executed time 12 seconds (timeout: 600s)
| Backup [Creating]: ocid1.mysqlbackup.oc1.iad.aaaaaaaab6wu3vwrgwbytwhen5addwyqz2tanjfroua4ymyucshr7kn27era - 'OCI-MDS.BackupSample.1608849705176.Backup' 

[34mINFO [0;39m 2020-12-24 19:42:12 c.o.m.m.AbstractManager: Waiting to become [Active] ... executed time 24 seconds (timeout: 600s)
| Backup [Creating]: ocid1.mysqlbackup.oc1.iad.aaaaaaaab6wu3vwrgwbytwhen5addwyqz2tanjfroua4ymyucshr7kn27era - 'OCI-MDS.BackupSample.1608849705176.Backup' 

[34mINFO [0;39m 2020-12-24 19:42:24 c.o.m.m.AbstractManager: Waiting to become [Active] ... executed time 36 seconds (timeout: 600s)
| Backup [Creating]: ocid1.mysqlbackup.oc1.iad.aaaaaaaab6wu3vwrgwbytwhen5addwyqz2tanjfroua4ymyucshr7kn27era - 'OCI-MDS.BackupSample.1608849705176.Backup' 

[34mINFO [0;39m 2020-12-24 19:42:36 c.o.m.m.AbstractManager: Waiting to become [Active] ... executed time 48 seconds (timeout: 600s)
| Backup [Creating]: ocid1.mysqlbackup.oc1.iad.aaaaaaaab6wu3vwrgwbytwhen5addwyqz2tanjfroua4ymyucshr7kn27era - 'OCI-MDS.BackupSample.1608849705176.Backup' 

[34mINFO [0;39m 2020-12-24 19:42:48 c.o.m.m.AbstractManager: Waiting to become [Active] ... executed time 60 seconds (timeout: 600s)
| Backup [Creating]: ocid1.mysqlbackup.oc1.iad.aaaaaaaab6wu3vwrgwbytwhen5addwyqz2tanjfroua4ymyucshr7kn27era - 'OCI-MDS.BackupSample.1608849705176.Backup' 

[34mINFO [0;39m 2020-12-24 19:43:00 c.o.m.m.AbstractManager: Waiting to become [Active] ... executed time 72 seconds (timeout: 600s)
| Backup [Creating]: ocid1.mysqlbackup.oc1.iad.aaaaaaaab6wu3vwrgwbytwhen5addwyqz2tanjfroua4ymyucshr7kn27era - 'OCI-MDS.BackupSample.1608849705176.Backup' 

[34mINFO [0;39m 2020-12-24 19:43:12 c.o.m.m.AbstractManager: Waiting to become [Active] ... executed time 84 seconds (timeout: 600s)
| Backup [Creating]: ocid1.mysqlbackup.oc1.iad.aaaaaaaab6wu3vwrgwbytwhen5addwyqz2tanjfroua4ymyucshr7kn27era - 'OCI-MDS.BackupSample.1608849705176.Backup' 

[34mINFO [0;39m 2020-12-24 19:43:24 c.o.m.m.AbstractManager: Waiting to become [Active] ... executed time 96 seconds (timeout: 600s)
| Backup [Creating]: ocid1.mysqlbackup.oc1.iad.aaaaaaaab6wu3vwrgwbytwhen5addwyqz2tanjfroua4ymyucshr7kn27era - 'OCI-MDS.BackupSample.1608849705176.Backup' 

[34mINFO [0;39m 2020-12-24 19:43:36 c.o.m.m.AbstractManager: Waiting to become [Active] ... executed time 109 seconds (timeout: 600s)
| Backup [Active]: ocid1.mysqlbackup.oc1.iad.aaaaaaaab6wu3vwrgwbytwhen5addwyqz2tanjfroua4ymyucshr7kn27era - 'OCI-MDS.BackupSample.1608849705176.Backup' 

[34mINFO [0;39m 2020-12-24 19:43:46 c.o.m.s.BackupSample: Deleting DbSystem
[34mINFO [0;39m 2020-12-24 19:44:01 c.o.m.m.AbstractManager: Waiting to become [Deleted] ... executed time 1 seconds (timeout: 1800s)
| DbSystem [Deleting]: ocid1.mysqldbsystem.oc1.iad.aaaaaaaalsajeidser3dcriohf4c2k4cm2oit5gbkfv54xtbtc6n4oq5d5ha - 'OCI-MDS.BackupSample.1608848992973.DbSystem' 

[34mINFO [0;39m 2020-12-24 19:44:13 c.o.m.m.AbstractManager: Waiting to become [Deleted] ... executed time 13 seconds (timeout: 1800s)
| DbSystem [Deleting]: ocid1.mysqldbsystem.oc1.iad.aaaaaaaalsajeidser3dcriohf4c2k4cm2oit5gbkfv54xtbtc6n4oq5d5ha - 'OCI-MDS.BackupSample.1608848992973.DbSystem' 

[34mINFO [0;39m 2020-12-24 19:44:24 c.o.m.m.AbstractManager: Waiting to become [Deleted] ... executed time 24 seconds (timeout: 1800s)
| DbSystem [Deleting]: ocid1.mysqldbsystem.oc1.iad.aaaaaaaalsajeidser3dcriohf4c2k4cm2oit5gbkfv54xtbtc6n4oq5d5ha - 'OCI-MDS.BackupSample.1608848992973.DbSystem' 

[34mINFO [0;39m 2020-12-24 19:44:36 c.o.m.m.AbstractManager: Waiting to become [Deleted] ... executed time 36 seconds (timeout: 1800s)
| DbSystem [Deleting]: ocid1.mysqldbsystem.oc1.iad.aaaaaaaalsajeidser3dcriohf4c2k4cm2oit5gbkfv54xtbtc6n4oq5d5ha - 'OCI-MDS.BackupSample.1608848992973.DbSystem' 

[34mINFO [0;39m 2020-12-24 19:44:48 c.o.m.m.AbstractManager: Waiting to become [Deleted] ... executed time 48 seconds (timeout: 1800s)
| DbSystem [Deleting]: ocid1.mysqldbsystem.oc1.iad.aaaaaaaalsajeidser3dcriohf4c2k4cm2oit5gbkfv54xtbtc6n4oq5d5ha - 'OCI-MDS.BackupSample.1608848992973.DbSystem' 

[34mINFO [0;39m 2020-12-24 19:45:00 c.o.m.m.AbstractManager: Waiting to become [Deleted] ... executed time 59 seconds (timeout: 1800s)
| DbSystem [Deleting]: ocid1.mysqldbsystem.oc1.iad.aaaaaaaalsajeidser3dcriohf4c2k4cm2oit5gbkfv54xtbtc6n4oq5d5ha - 'OCI-MDS.BackupSample.1608848992973.DbSystem' 

[34mINFO [0;39m 2020-12-24 19:45:11 c.o.m.m.AbstractManager: Waiting to become [Deleted] ... executed time 71 seconds (timeout: 1800s)
| DbSystem [Deleting]: ocid1.mysqldbsystem.oc1.iad.aaaaaaaalsajeidser3dcriohf4c2k4cm2oit5gbkfv54xtbtc6n4oq5d5ha - 'OCI-MDS.BackupSample.1608848992973.DbSystem' 

[34mINFO [0;39m 2020-12-24 19:45:23 c.o.m.m.AbstractManager: Waiting to become [Deleted] ... executed time 83 seconds (timeout: 1800s)
| DbSystem [Deleting]: ocid1.mysqldbsystem.oc1.iad.aaaaaaaalsajeidser3dcriohf4c2k4cm2oit5gbkfv54xtbtc6n4oq5d5ha - 'OCI-MDS.BackupSample.1608848992973.DbSystem' 

[34mINFO [0;39m 2020-12-24 19:45:36 c.o.m.m.AbstractManager: Waiting to become [Deleted] ... executed time 95 seconds (timeout: 1800s)
| DbSystem [Deleting]: ocid1.mysqldbsystem.oc1.iad.aaaaaaaalsajeidser3dcriohf4c2k4cm2oit5gbkfv54xtbtc6n4oq5d5ha - 'OCI-MDS.BackupSample.1608848992973.DbSystem' 

[34mINFO [0;39m 2020-12-24 19:45:48 c.o.m.m.AbstractManager: Waiting to become [Deleted] ... executed time 107 seconds (timeout: 1800s)
| DbSystem [Deleting]: ocid1.mysqldbsystem.oc1.iad.aaaaaaaalsajeidser3dcriohf4c2k4cm2oit5gbkfv54xtbtc6n4oq5d5ha - 'OCI-MDS.BackupSample.1608848992973.DbSystem' 

[34mINFO [0;39m 2020-12-24 19:45:59 c.o.m.m.AbstractManager: Waiting to become [Deleted] ... executed time 119 seconds (timeout: 1800s)
| DbSystem [Deleting]: ocid1.mysqldbsystem.oc1.iad.aaaaaaaalsajeidser3dcriohf4c2k4cm2oit5gbkfv54xtbtc6n4oq5d5ha - 'OCI-MDS.BackupSample.1608848992973.DbSystem' 

[34mINFO [0;39m 2020-12-24 19:46:16 c.o.m.m.AbstractManager: Waiting to become [Deleted] ... executed time 136 seconds (timeout: 1800s)
| DbSystem [Deleting]: ocid1.mysqldbsystem.oc1.iad.aaaaaaaalsajeidser3dcriohf4c2k4cm2oit5gbkfv54xtbtc6n4oq5d5ha - 'OCI-MDS.BackupSample.1608848992973.DbSystem' 

[34mINFO [0;39m 2020-12-24 19:46:28 c.o.m.m.AbstractManager: Waiting to become [Deleted] ... executed time 148 seconds (timeout: 1800s)
| DbSystem [Deleting]: ocid1.mysqldbsystem.oc1.iad.aaaaaaaalsajeidser3dcriohf4c2k4cm2oit5gbkfv54xtbtc6n4oq5d5ha - 'OCI-MDS.BackupSample.1608848992973.DbSystem' 

[34mINFO [0;39m 2020-12-24 19:46:40 c.o.m.m.AbstractManager: Waiting to become [Deleted] ... executed time 159 seconds (timeout: 1800s)
| DbSystem [Deleting]: ocid1.mysqldbsystem.oc1.iad.aaaaaaaalsajeidser3dcriohf4c2k4cm2oit5gbkfv54xtbtc6n4oq5d5ha - 'OCI-MDS.BackupSample.1608848992973.DbSystem' 

[34mINFO [0;39m 2020-12-24 19:46:51 c.o.m.m.AbstractManager: Waiting to become [Deleted] ... executed time 171 seconds (timeout: 1800s)
| DbSystem [Deleting]: ocid1.mysqldbsystem.oc1.iad.aaaaaaaalsajeidser3dcriohf4c2k4cm2oit5gbkfv54xtbtc6n4oq5d5ha - 'OCI-MDS.BackupSample.1608848992973.DbSystem' 

[34mINFO [0;39m 2020-12-24 19:47:04 c.o.m.m.AbstractManager: Waiting to become [Deleted] ... executed time 184 seconds (timeout: 1800s)
| DbSystem [Deleting]: ocid1.mysqldbsystem.oc1.iad.aaaaaaaalsajeidser3dcriohf4c2k4cm2oit5gbkfv54xtbtc6n4oq5d5ha - 'OCI-MDS.BackupSample.1608848992973.DbSystem' 

[34mINFO [0;39m 2020-12-24 19:47:16 c.o.m.m.AbstractManager: Waiting to become [Deleted] ... executed time 196 seconds (timeout: 1800s)
| DbSystem [Deleting]: ocid1.mysqldbsystem.oc1.iad.aaaaaaaalsajeidser3dcriohf4c2k4cm2oit5gbkfv54xtbtc6n4oq5d5ha - 'OCI-MDS.BackupSample.1608848992973.DbSystem' 

[34mINFO [0;39m 2020-12-24 19:47:29 c.o.m.m.AbstractManager: Waiting to become [Deleted] ... executed time 209 seconds (timeout: 1800s)
| DbSystem [Deleting]: ocid1.mysqldbsystem.oc1.iad.aaaaaaaalsajeidser3dcriohf4c2k4cm2oit5gbkfv54xtbtc6n4oq5d5ha - 'OCI-MDS.BackupSample.1608848992973.DbSystem' 

[34mINFO [0;39m 2020-12-24 19:47:41 c.o.m.m.AbstractManager: Waiting to become [Deleted] ... executed time 221 seconds (timeout: 1800s)
| DbSystem [Deleting]: ocid1.mysqldbsystem.oc1.iad.aaaaaaaalsajeidser3dcriohf4c2k4cm2oit5gbkfv54xtbtc6n4oq5d5ha - 'OCI-MDS.BackupSample.1608848992973.DbSystem' 

[34mINFO [0;39m 2020-12-24 19:47:52 c.o.m.m.AbstractManager: Waiting to become [Deleted] ... executed time 232 seconds (timeout: 1800s)
| DbSystem [Deleting]: ocid1.mysqldbsystem.oc1.iad.aaaaaaaalsajeidser3dcriohf4c2k4cm2oit5gbkfv54xtbtc6n4oq5d5ha - 'OCI-MDS.BackupSample.1608848992973.DbSystem' 

[34mINFO [0;39m 2020-12-24 19:48:05 c.o.m.m.AbstractManager: Waiting to become [Deleted] ... executed time 244 seconds (timeout: 1800s)
| DbSystem [Deleting]: ocid1.mysqldbsystem.oc1.iad.aaaaaaaalsajeidser3dcriohf4c2k4cm2oit5gbkfv54xtbtc6n4oq5d5ha - 'OCI-MDS.BackupSample.1608848992973.DbSystem' 

[34mINFO [0;39m 2020-12-24 19:48:17 c.o.m.m.AbstractManager: Waiting to become [Deleted] ... executed time 256 seconds (timeout: 1800s)
| DbSystem [Deleting]: ocid1.mysqldbsystem.oc1.iad.aaaaaaaalsajeidser3dcriohf4c2k4cm2oit5gbkfv54xtbtc6n4oq5d5ha - 'OCI-MDS.BackupSample.1608848992973.DbSystem' 

[34mINFO [0;39m 2020-12-24 19:48:29 c.o.m.m.AbstractManager: Waiting to become [Deleted] ... executed time 269 seconds (timeout: 1800s)
| DbSystem [Deleted]: ocid1.mysqldbsystem.oc1.iad.aaaaaaaalsajeidser3dcriohf4c2k4cm2oit5gbkfv54xtbtc6n4oq5d5ha - 'OCI-MDS.BackupSample.1608848992973.DbSystem' 

[34mINFO [0;39m 2020-12-24 19:48:39 c.o.m.s.BackupSample: Deleting Backup
[34mINFO [0;39m 2020-12-24 19:48:43 c.o.m.m.AbstractManager: Waiting to become [Deleted] ... executed time 0 seconds (timeout: 200s)
| Backup [Deleting]: ocid1.mysqlbackup.oc1.iad.aaaaaaaab6wu3vwrgwbytwhen5addwyqz2tanjfroua4ymyucshr7kn27era - 'OCI-MDS.BackupSample.1608849705176.Backup' 

[34mINFO [0;39m 2020-12-24 19:48:55 c.o.m.m.AbstractManager: Waiting to become [Deleted] ... executed time 12 seconds (timeout: 200s)
| Backup [Deleted]: ocid1.mysqlbackup.oc1.iad.aaaaaaaab6wu3vwrgwbytwhen5addwyqz2tanjfroua4ymyucshr7kn27era - 'OCI-MDS.BackupSample.1608849705176.Backup' 

