19:05:36.840 [main] INFO com.oci.mds.Runner - Starting MDS Sample....
[34mINFO [0;39m 2020-12-24 19:05:38 i.d.s.DefaultServerFactory: Registering jersey handler with root path prefix: /
[34mINFO [0;39m 2020-12-24 19:05:38 i.d.s.DefaultServerFactory: Registering admin handler with root path prefix: /
[34mINFO [0;39m 2020-12-24 19:05:38 c.o.b.i.IdentityClient: Setting endpoint to https://mysql.us-ashburn-1.ocp.oraclecloud.com
[34mINFO [0;39m 2020-12-24 19:05:38 c.o.b.m.DbBackupsClient: Setting endpoint to https://mysql.us-ashburn-1.ocp.oraclecloud.com
[34mINFO [0;39m 2020-12-24 19:05:38 c.o.b.m.DbSystemClient: Setting endpoint to https://mysql.us-ashburn-1.ocp.oraclecloud.com
[34mINFO [0;39m 2020-12-24 19:05:38 c.o.b.m.MysqlaasClient: Setting endpoint to https://mysql.us-ashburn-1.ocp.oraclecloud.com
[34mINFO [0;39m 2020-12-24 19:05:39 c.o.b.ClientRuntime: Using SDK: Oracle-JavaSDK/1.28.0
[34mINFO [0;39m 2020-12-24 19:05:39 c.o.b.ClientRuntime: User agent set to: Oracle-JavaSDK/1.28.0 (Linux/4.15.0-128-generic; Java/1.8.0_275; OpenJDK 64-Bit Server VM/25.275-b01)
[34mINFO [0;39m 2020-12-24 19:05:47 c.o.m.s.DbSystemSample: Creating DbSystem
[34mINFO [0;39m 2020-12-24 19:05:54 c.o.m.m.AbstractManager: Waiting to become [Active] ... executed time 0 seconds (timeout: 1800s)
| DbSystem [Creating]: ocid1.mysqldbsystem.oc1.iad.aaaaaaaa2c7wy7mwhakmbvhu56sy6zglj7cxy3ranj4wgsiqvomggpdlh5qq - 'OCI-MDS.DbSystemSample.1608847538891' 

[34mINFO [0;39m 2020-12-24 19:06:05 c.o.m.m.AbstractManager: Waiting to become [Active] ... executed time 12 seconds (timeout: 1800s)
| DbSystem [Creating]: ocid1.mysqldbsystem.oc1.iad.aaaaaaaa2c7wy7mwhakmbvhu56sy6zglj7cxy3ranj4wgsiqvomggpdlh5qq - 'OCI-MDS.DbSystemSample.1608847538891' 

[34mINFO [0;39m 2020-12-24 19:06:18 c.o.m.m.AbstractManager: Waiting to become [Active] ... executed time 24 seconds (timeout: 1800s)
| DbSystem [Creating]: ocid1.mysqldbsystem.oc1.iad.aaaaaaaa2c7wy7mwhakmbvhu56sy6zglj7cxy3ranj4wgsiqvomggpdlh5qq - 'OCI-MDS.DbSystemSample.1608847538891' 

[34mINFO [0;39m 2020-12-24 19:06:29 c.o.m.m.AbstractManager: Waiting to become [Active] ... executed time 36 seconds (timeout: 1800s)
| DbSystem [Creating]: ocid1.mysqldbsystem.oc1.iad.aaaaaaaa2c7wy7mwhakmbvhu56sy6zglj7cxy3ranj4wgsiqvomggpdlh5qq - 'OCI-MDS.DbSystemSample.1608847538891' 

[34mINFO [0;39m 2020-12-24 19:06:42 c.o.m.m.AbstractManager: Waiting to become [Active] ... executed time 48 seconds (timeout: 1800s)
| DbSystem [Creating]: ocid1.mysqldbsystem.oc1.iad.aaaaaaaa2c7wy7mwhakmbvhu56sy6zglj7cxy3ranj4wgsiqvomggpdlh5qq - 'OCI-MDS.DbSystemSample.1608847538891' 

[34mINFO [0;39m 2020-12-24 19:06:53 c.o.m.m.AbstractManager: Waiting to become [Active] ... executed time 60 seconds (timeout: 1800s)
| DbSystem [Creating]: ocid1.mysqldbsystem.oc1.iad.aaaaaaaa2c7wy7mwhakmbvhu56sy6zglj7cxy3ranj4wgsiqvomggpdlh5qq - 'OCI-MDS.DbSystemSample.1608847538891' 

[34mINFO [0;39m 2020-12-24 19:07:06 c.o.m.m.AbstractManager: Waiting to become [Active] ... executed time 72 seconds (timeout: 1800s)
| DbSystem [Creating]: ocid1.mysqldbsystem.oc1.iad.aaaaaaaa2c7wy7mwhakmbvhu56sy6zglj7cxy3ranj4wgsiqvomggpdlh5qq - 'OCI-MDS.DbSystemSample.1608847538891' 

[34mINFO [0;39m 2020-12-24 19:07:17 c.o.m.m.AbstractManager: Waiting to become [Active] ... executed time 83 seconds (timeout: 1800s)
| DbSystem [Creating]: ocid1.mysqldbsystem.oc1.iad.aaaaaaaa2c7wy7mwhakmbvhu56sy6zglj7cxy3ranj4wgsiqvomggpdlh5qq - 'OCI-MDS.DbSystemSample.1608847538891' 

[34mINFO [0;39m 2020-12-24 19:07:29 c.o.m.m.AbstractManager: Waiting to become [Active] ... executed time 96 seconds (timeout: 1800s)
| DbSystem [Creating]: ocid1.mysqldbsystem.oc1.iad.aaaaaaaa2c7wy7mwhakmbvhu56sy6zglj7cxy3ranj4wgsiqvomggpdlh5qq - 'OCI-MDS.DbSystemSample.1608847538891' 

[34mINFO [0;39m 2020-12-24 19:07:41 c.o.m.m.AbstractManager: Waiting to become [Active] ... executed time 107 seconds (timeout: 1800s)
| DbSystem [Creating]: ocid1.mysqldbsystem.oc1.iad.aaaaaaaa2c7wy7mwhakmbvhu56sy6zglj7cxy3ranj4wgsiqvomggpdlh5qq - 'OCI-MDS.DbSystemSample.1608847538891' 

[34mINFO [0;39m 2020-12-24 19:07:53 c.o.m.m.AbstractManager: Waiting to become [Active] ... executed time 119 seconds (timeout: 1800s)
| DbSystem [Creating]: ocid1.mysqldbsystem.oc1.iad.aaaaaaaa2c7wy7mwhakmbvhu56sy6zglj7cxy3ranj4wgsiqvomggpdlh5qq - 'OCI-MDS.DbSystemSample.1608847538891' 

[34mINFO [0;39m 2020-12-24 19:08:05 c.o.m.m.AbstractManager: Waiting to become [Active] ... executed time 132 seconds (timeout: 1800s)
| DbSystem [Creating]: ocid1.mysqldbsystem.oc1.iad.aaaaaaaa2c7wy7mwhakmbvhu56sy6zglj7cxy3ranj4wgsiqvomggpdlh5qq - 'OCI-MDS.DbSystemSample.1608847538891' 

[34mINFO [0;39m 2020-12-24 19:08:17 c.o.m.m.AbstractManager: Waiting to become [Active] ... executed time 144 seconds (timeout: 1800s)
| DbSystem [Creating]: ocid1.mysqldbsystem.oc1.iad.aaaaaaaa2c7wy7mwhakmbvhu56sy6zglj7cxy3ranj4wgsiqvomggpdlh5qq - 'OCI-MDS.DbSystemSample.1608847538891' 

[34mINFO [0;39m 2020-12-24 19:08:29 c.o.m.m.AbstractManager: Waiting to become [Active] ... executed time 155 seconds (timeout: 1800s)
| DbSystem [Creating]: ocid1.mysqldbsystem.oc1.iad.aaaaaaaa2c7wy7mwhakmbvhu56sy6zglj7cxy3ranj4wgsiqvomggpdlh5qq - 'OCI-MDS.DbSystemSample.1608847538891' 

[34mINFO [0;39m 2020-12-24 19:08:41 c.o.m.m.AbstractManager: Waiting to become [Active] ... executed time 167 seconds (timeout: 1800s)
| DbSystem [Creating]: ocid1.mysqldbsystem.oc1.iad.aaaaaaaa2c7wy7mwhakmbvhu56sy6zglj7cxy3ranj4wgsiqvomggpdlh5qq - 'OCI-MDS.DbSystemSample.1608847538891' 

[34mINFO [0;39m 2020-12-24 19:08:53 c.o.m.m.AbstractManager: Waiting to become [Active] ... executed time 179 seconds (timeout: 1800s)
| DbSystem [Creating]: ocid1.mysqldbsystem.oc1.iad.aaaaaaaa2c7wy7mwhakmbvhu56sy6zglj7cxy3ranj4wgsiqvomggpdlh5qq - 'OCI-MDS.DbSystemSample.1608847538891' 

[34mINFO [0;39m 2020-12-24 19:09:05 c.o.m.m.AbstractManager: Waiting to become [Active] ... executed time 192 seconds (timeout: 1800s)
| DbSystem [Creating]: ocid1.mysqldbsystem.oc1.iad.aaaaaaaa2c7wy7mwhakmbvhu56sy6zglj7cxy3ranj4wgsiqvomggpdlh5qq - 'OCI-MDS.DbSystemSample.1608847538891' 

[34mINFO [0;39m 2020-12-24 19:09:17 c.o.m.m.AbstractManager: Waiting to become [Active] ... executed time 204 seconds (timeout: 1800s)
| DbSystem [Creating]: ocid1.mysqldbsystem.oc1.iad.aaaaaaaa2c7wy7mwhakmbvhu56sy6zglj7cxy3ranj4wgsiqvomggpdlh5qq - 'OCI-MDS.DbSystemSample.1608847538891' 

[34mINFO [0;39m 2020-12-24 19:09:30 c.o.m.m.AbstractManager: Waiting to become [Active] ... executed time 216 seconds (timeout: 1800s)
| DbSystem [Creating]: ocid1.mysqldbsystem.oc1.iad.aaaaaaaa2c7wy7mwhakmbvhu56sy6zglj7cxy3ranj4wgsiqvomggpdlh5qq - 'OCI-MDS.DbSystemSample.1608847538891' 

[34mINFO [0;39m 2020-12-24 19:09:41 c.o.m.m.AbstractManager: Waiting to become [Active] ... executed time 228 seconds (timeout: 1800s)
| DbSystem [Creating]: ocid1.mysqldbsystem.oc1.iad.aaaaaaaa2c7wy7mwhakmbvhu56sy6zglj7cxy3ranj4wgsiqvomggpdlh5qq - 'OCI-MDS.DbSystemSample.1608847538891' 

[34mINFO [0;39m 2020-12-24 19:09:53 c.o.m.m.AbstractManager: Waiting to become [Active] ... executed time 239 seconds (timeout: 1800s)
| DbSystem [Creating]: ocid1.mysqldbsystem.oc1.iad.aaaaaaaa2c7wy7mwhakmbvhu56sy6zglj7cxy3ranj4wgsiqvomggpdlh5qq - 'OCI-MDS.DbSystemSample.1608847538891' 

[34mINFO [0;39m 2020-12-24 19:10:05 c.o.m.m.AbstractManager: Waiting to become [Active] ... executed time 251 seconds (timeout: 1800s)
| DbSystem [Creating]: ocid1.mysqldbsystem.oc1.iad.aaaaaaaa2c7wy7mwhakmbvhu56sy6zglj7cxy3ranj4wgsiqvomggpdlh5qq - 'OCI-MDS.DbSystemSample.1608847538891' 

[34mINFO [0;39m 2020-12-24 19:10:17 c.o.m.m.AbstractManager: Waiting to become [Active] ... executed time 263 seconds (timeout: 1800s)
| DbSystem [Creating]: ocid1.mysqldbsystem.oc1.iad.aaaaaaaa2c7wy7mwhakmbvhu56sy6zglj7cxy3ranj4wgsiqvomggpdlh5qq - 'OCI-MDS.DbSystemSample.1608847538891' 

[34mINFO [0;39m 2020-12-24 19:10:29 c.o.m.m.AbstractManager: Waiting to become [Active] ... executed time 276 seconds (timeout: 1800s)
| DbSystem [Creating]: ocid1.mysqldbsystem.oc1.iad.aaaaaaaa2c7wy7mwhakmbvhu56sy6zglj7cxy3ranj4wgsiqvomggpdlh5qq - 'OCI-MDS.DbSystemSample.1608847538891' 

[34mINFO [0;39m 2020-12-24 19:10:41 c.o.m.m.AbstractManager: Waiting to become [Active] ... executed time 288 seconds (timeout: 1800s)
| DbSystem [Creating]: ocid1.mysqldbsystem.oc1.iad.aaaaaaaa2c7wy7mwhakmbvhu56sy6zglj7cxy3ranj4wgsiqvomggpdlh5qq - 'OCI-MDS.DbSystemSample.1608847538891' 

[34mINFO [0;39m 2020-12-24 19:10:53 c.o.m.m.AbstractManager: Waiting to become [Active] ... executed time 300 seconds (timeout: 1800s)
| DbSystem [Creating]: ocid1.mysqldbsystem.oc1.iad.aaaaaaaa2c7wy7mwhakmbvhu56sy6zglj7cxy3ranj4wgsiqvomggpdlh5qq - 'OCI-MDS.DbSystemSample.1608847538891' 

[34mINFO [0;39m 2020-12-24 19:11:07 c.o.m.m.AbstractManager: Waiting to become [Active] ... executed time 313 seconds (timeout: 1800s)
| DbSystem [Creating]: ocid1.mysqldbsystem.oc1.iad.aaaaaaaa2c7wy7mwhakmbvhu56sy6zglj7cxy3ranj4wgsiqvomggpdlh5qq - 'OCI-MDS.DbSystemSample.1608847538891' 

[34mINFO [0;39m 2020-12-24 19:11:18 c.o.m.m.AbstractManager: Waiting to become [Active] ... executed time 325 seconds (timeout: 1800s)
| DbSystem [Creating]: ocid1.mysqldbsystem.oc1.iad.aaaaaaaa2c7wy7mwhakmbvhu56sy6zglj7cxy3ranj4wgsiqvomggpdlh5qq - 'OCI-MDS.DbSystemSample.1608847538891' 

[34mINFO [0;39m 2020-12-24 19:11:30 c.o.m.m.AbstractManager: Waiting to become [Active] ... executed time 336 seconds (timeout: 1800s)
| DbSystem [Creating]: ocid1.mysqldbsystem.oc1.iad.aaaaaaaa2c7wy7mwhakmbvhu56sy6zglj7cxy3ranj4wgsiqvomggpdlh5qq - 'OCI-MDS.DbSystemSample.1608847538891' 

[34mINFO [0;39m 2020-12-24 19:11:42 c.o.m.m.AbstractManager: Waiting to become [Active] ... executed time 348 seconds (timeout: 1800s)
| DbSystem [Creating]: ocid1.mysqldbsystem.oc1.iad.aaaaaaaa2c7wy7mwhakmbvhu56sy6zglj7cxy3ranj4wgsiqvomggpdlh5qq - 'OCI-MDS.DbSystemSample.1608847538891' 

[34mINFO [0;39m 2020-12-24 19:11:56 c.o.m.m.AbstractManager: Waiting to become [Active] ... executed time 362 seconds (timeout: 1800s)
| DbSystem [Creating]: ocid1.mysqldbsystem.oc1.iad.aaaaaaaa2c7wy7mwhakmbvhu56sy6zglj7cxy3ranj4wgsiqvomggpdlh5qq - 'OCI-MDS.DbSystemSample.1608847538891' 

[34mINFO [0;39m 2020-12-24 19:12:08 c.o.m.m.AbstractManager: Waiting to become [Active] ... executed time 375 seconds (timeout: 1800s)
| DbSystem [Creating]: ocid1.mysqldbsystem.oc1.iad.aaaaaaaa2c7wy7mwhakmbvhu56sy6zglj7cxy3ranj4wgsiqvomggpdlh5qq - 'OCI-MDS.DbSystemSample.1608847538891' 

[34mINFO [0;39m 2020-12-24 19:12:20 c.o.m.m.AbstractManager: Waiting to become [Active] ... executed time 387 seconds (timeout: 1800s)
| DbSystem [Creating]: ocid1.mysqldbsystem.oc1.iad.aaaaaaaa2c7wy7mwhakmbvhu56sy6zglj7cxy3ranj4wgsiqvomggpdlh5qq - 'OCI-MDS.DbSystemSample.1608847538891' 

[34mINFO [0;39m 2020-12-24 19:12:33 c.o.m.m.AbstractManager: Waiting to become [Active] ... executed time 399 seconds (timeout: 1800s)
| DbSystem [Creating]: ocid1.mysqldbsystem.oc1.iad.aaaaaaaa2c7wy7mwhakmbvhu56sy6zglj7cxy3ranj4wgsiqvomggpdlh5qq - 'OCI-MDS.DbSystemSample.1608847538891' 

[34mINFO [0;39m 2020-12-24 19:12:45 c.o.m.m.AbstractManager: Waiting to become [Active] ... executed time 411 seconds (timeout: 1800s)
| DbSystem [Creating]: ocid1.mysqldbsystem.oc1.iad.aaaaaaaa2c7wy7mwhakmbvhu56sy6zglj7cxy3ranj4wgsiqvomggpdlh5qq - 'OCI-MDS.DbSystemSample.1608847538891' 

[34mINFO [0;39m 2020-12-24 19:12:57 c.o.m.m.AbstractManager: Waiting to become [Active] ... executed time 423 seconds (timeout: 1800s)
| DbSystem [Creating]: ocid1.mysqldbsystem.oc1.iad.aaaaaaaa2c7wy7mwhakmbvhu56sy6zglj7cxy3ranj4wgsiqvomggpdlh5qq - 'OCI-MDS.DbSystemSample.1608847538891' 

[34mINFO [0;39m 2020-12-24 19:13:08 c.o.m.m.AbstractManager: Waiting to become [Active] ... executed time 435 seconds (timeout: 1800s)
| DbSystem [Creating]: ocid1.mysqldbsystem.oc1.iad.aaaaaaaa2c7wy7mwhakmbvhu56sy6zglj7cxy3ranj4wgsiqvomggpdlh5qq - 'OCI-MDS.DbSystemSample.1608847538891' 

[34mINFO [0;39m 2020-12-24 19:13:21 c.o.m.m.AbstractManager: Waiting to become [Active] ... executed time 447 seconds (timeout: 1800s)
| DbSystem [Creating]: ocid1.mysqldbsystem.oc1.iad.aaaaaaaa2c7wy7mwhakmbvhu56sy6zglj7cxy3ranj4wgsiqvomggpdlh5qq - 'OCI-MDS.DbSystemSample.1608847538891' 

[34mINFO [0;39m 2020-12-24 19:13:33 c.o.m.m.AbstractManager: Waiting to become [Active] ... executed time 459 seconds (timeout: 1800s)
| DbSystem [Creating]: ocid1.mysqldbsystem.oc1.iad.aaaaaaaa2c7wy7mwhakmbvhu56sy6zglj7cxy3ranj4wgsiqvomggpdlh5qq - 'OCI-MDS.DbSystemSample.1608847538891' 

[34mINFO [0;39m 2020-12-24 19:13:45 c.o.m.m.AbstractManager: Waiting to become [Active] ... executed time 471 seconds (timeout: 1800s)
| DbSystem [Creating]: ocid1.mysqldbsystem.oc1.iad.aaaaaaaa2c7wy7mwhakmbvhu56sy6zglj7cxy3ranj4wgsiqvomggpdlh5qq - 'OCI-MDS.DbSystemSample.1608847538891' 

[34mINFO [0;39m 2020-12-24 19:13:56 c.o.m.m.AbstractManager: Waiting to become [Active] ... executed time 482 seconds (timeout: 1800s)
| DbSystem [Creating]: ocid1.mysqldbsystem.oc1.iad.aaaaaaaa2c7wy7mwhakmbvhu56sy6zglj7cxy3ranj4wgsiqvomggpdlh5qq - 'OCI-MDS.DbSystemSample.1608847538891' 

[34mINFO [0;39m 2020-12-24 19:14:08 c.o.m.m.AbstractManager: Waiting to become [Active] ... executed time 494 seconds (timeout: 1800s)
| DbSystem [Creating]: ocid1.mysqldbsystem.oc1.iad.aaaaaaaa2c7wy7mwhakmbvhu56sy6zglj7cxy3ranj4wgsiqvomggpdlh5qq - 'OCI-MDS.DbSystemSample.1608847538891' 

[34mINFO [0;39m 2020-12-24 19:14:20 c.o.m.m.AbstractManager: Waiting to become [Active] ... executed time 506 seconds (timeout: 1800s)
| DbSystem [Creating]: ocid1.mysqldbsystem.oc1.iad.aaaaaaaa2c7wy7mwhakmbvhu56sy6zglj7cxy3ranj4wgsiqvomggpdlh5qq - 'OCI-MDS.DbSystemSample.1608847538891' 

[34mINFO [0;39m 2020-12-24 19:14:32 c.o.m.m.AbstractManager: Waiting to become [Active] ... executed time 518 seconds (timeout: 1800s)
| DbSystem [Creating]: ocid1.mysqldbsystem.oc1.iad.aaaaaaaa2c7wy7mwhakmbvhu56sy6zglj7cxy3ranj4wgsiqvomggpdlh5qq - 'OCI-MDS.DbSystemSample.1608847538891' 

[34mINFO [0;39m 2020-12-24 19:14:44 c.o.m.m.AbstractManager: Waiting to become [Active] ... executed time 530 seconds (timeout: 1800s)
| DbSystem [Creating]: ocid1.mysqldbsystem.oc1.iad.aaaaaaaa2c7wy7mwhakmbvhu56sy6zglj7cxy3ranj4wgsiqvomggpdlh5qq - 'OCI-MDS.DbSystemSample.1608847538891' 

[34mINFO [0;39m 2020-12-24 19:14:56 c.o.m.m.AbstractManager: Waiting to become [Active] ... executed time 542 seconds (timeout: 1800s)
| DbSystem [Creating]: ocid1.mysqldbsystem.oc1.iad.aaaaaaaa2c7wy7mwhakmbvhu56sy6zglj7cxy3ranj4wgsiqvomggpdlh5qq - 'OCI-MDS.DbSystemSample.1608847538891' 

[34mINFO [0;39m 2020-12-24 19:15:08 c.o.m.m.AbstractManager: Waiting to become [Active] ... executed time 554 seconds (timeout: 1800s)
| DbSystem [Creating]: ocid1.mysqldbsystem.oc1.iad.aaaaaaaa2c7wy7mwhakmbvhu56sy6zglj7cxy3ranj4wgsiqvomggpdlh5qq - 'OCI-MDS.DbSystemSample.1608847538891' 

[34mINFO [0;39m 2020-12-24 19:15:20 c.o.m.m.AbstractManager: Waiting to become [Active] ... executed time 566 seconds (timeout: 1800s)
| DbSystem [Creating]: ocid1.mysqldbsystem.oc1.iad.aaaaaaaa2c7wy7mwhakmbvhu56sy6zglj7cxy3ranj4wgsiqvomggpdlh5qq - 'OCI-MDS.DbSystemSample.1608847538891' 

[34mINFO [0;39m 2020-12-24 19:15:32 c.o.m.m.AbstractManager: Waiting to become [Active] ... executed time 578 seconds (timeout: 1800s)
| DbSystem [Creating]: ocid1.mysqldbsystem.oc1.iad.aaaaaaaa2c7wy7mwhakmbvhu56sy6zglj7cxy3ranj4wgsiqvomggpdlh5qq - 'OCI-MDS.DbSystemSample.1608847538891' 

[34mINFO [0;39m 2020-12-24 19:15:44 c.o.m.m.AbstractManager: Waiting to become [Active] ... executed time 590 seconds (timeout: 1800s)
| DbSystem [Creating]: ocid1.mysqldbsystem.oc1.iad.aaaaaaaa2c7wy7mwhakmbvhu56sy6zglj7cxy3ranj4wgsiqvomggpdlh5qq - 'OCI-MDS.DbSystemSample.1608847538891' 

[34mINFO [0;39m 2020-12-24 19:15:56 c.o.m.m.AbstractManager: Waiting to become [Active] ... executed time 603 seconds (timeout: 1800s)
| DbSystem [Creating]: ocid1.mysqldbsystem.oc1.iad.aaaaaaaa2c7wy7mwhakmbvhu56sy6zglj7cxy3ranj4wgsiqvomggpdlh5qq - 'OCI-MDS.DbSystemSample.1608847538891' 

[34mINFO [0;39m 2020-12-24 19:16:08 c.o.m.m.AbstractManager: Waiting to become [Active] ... executed time 614 seconds (timeout: 1800s)
| DbSystem [Creating]: ocid1.mysqldbsystem.oc1.iad.aaaaaaaa2c7wy7mwhakmbvhu56sy6zglj7cxy3ranj4wgsiqvomggpdlh5qq - 'OCI-MDS.DbSystemSample.1608847538891' 

[34mINFO [0;39m 2020-12-24 19:16:20 c.o.m.m.AbstractManager: Waiting to become [Active] ... executed time 626 seconds (timeout: 1800s)
| DbSystem [Creating]: ocid1.mysqldbsystem.oc1.iad.aaaaaaaa2c7wy7mwhakmbvhu56sy6zglj7cxy3ranj4wgsiqvomggpdlh5qq - 'OCI-MDS.DbSystemSample.1608847538891' 

[34mINFO [0;39m 2020-12-24 19:16:33 c.o.m.m.AbstractManager: Waiting to become [Active] ... executed time 639 seconds (timeout: 1800s)
| DbSystem [Creating]: ocid1.mysqldbsystem.oc1.iad.aaaaaaaa2c7wy7mwhakmbvhu56sy6zglj7cxy3ranj4wgsiqvomggpdlh5qq - 'OCI-MDS.DbSystemSample.1608847538891' 

[34mINFO [0;39m 2020-12-24 19:16:45 c.o.m.m.AbstractManager: Waiting to become [Active] ... executed time 651 seconds (timeout: 1800s)
| DbSystem [Creating]: ocid1.mysqldbsystem.oc1.iad.aaaaaaaa2c7wy7mwhakmbvhu56sy6zglj7cxy3ranj4wgsiqvomggpdlh5qq - 'OCI-MDS.DbSystemSample.1608847538891' 

[34mINFO [0;39m 2020-12-24 19:16:56 c.o.m.m.AbstractManager: Waiting to become [Active] ... executed time 663 seconds (timeout: 1800s)
| DbSystem [Active]: ocid1.mysqldbsystem.oc1.iad.aaaaaaaa2c7wy7mwhakmbvhu56sy6zglj7cxy3ranj4wgsiqvomggpdlh5qq - 'OCI-MDS.DbSystemSample.1608847538891' 

[34mINFO [0;39m 2020-12-24 19:17:06 c.o.m.s.DbSystemSample: Stopping DbSystem
[34mINFO [0;39m 2020-12-24 19:17:10 c.o.m.m.AbstractManager: Waiting to become [Inactive] ... executed time 0 seconds (timeout: 1800s)
| DbSystem [Updating]: ocid1.mysqldbsystem.oc1.iad.aaaaaaaa2c7wy7mwhakmbvhu56sy6zglj7cxy3ranj4wgsiqvomggpdlh5qq - 'OCI-MDS.DbSystemSample.1608847538891' 

[34mINFO [0;39m 2020-12-24 19:17:22 c.o.m.m.AbstractManager: Waiting to become [Inactive] ... executed time 12 seconds (timeout: 1800s)
| DbSystem [Updating]: ocid1.mysqldbsystem.oc1.iad.aaaaaaaa2c7wy7mwhakmbvhu56sy6zglj7cxy3ranj4wgsiqvomggpdlh5qq - 'OCI-MDS.DbSystemSample.1608847538891' 

[34mINFO [0;39m 2020-12-24 19:17:34 c.o.m.m.AbstractManager: Waiting to become [Inactive] ... executed time 24 seconds (timeout: 1800s)
| DbSystem [Updating]: ocid1.mysqldbsystem.oc1.iad.aaaaaaaa2c7wy7mwhakmbvhu56sy6zglj7cxy3ranj4wgsiqvomggpdlh5qq - 'OCI-MDS.DbSystemSample.1608847538891' 

[34mINFO [0;39m 2020-12-24 19:17:47 c.o.m.m.AbstractManager: Waiting to become [Inactive] ... executed time 37 seconds (timeout: 1800s)
| DbSystem [Updating]: ocid1.mysqldbsystem.oc1.iad.aaaaaaaa2c7wy7mwhakmbvhu56sy6zglj7cxy3ranj4wgsiqvomggpdlh5qq - 'OCI-MDS.DbSystemSample.1608847538891' 

[34mINFO [0;39m 2020-12-24 19:17:59 c.o.m.m.AbstractManager: Waiting to become [Inactive] ... executed time 49 seconds (timeout: 1800s)
| DbSystem [Updating]: ocid1.mysqldbsystem.oc1.iad.aaaaaaaa2c7wy7mwhakmbvhu56sy6zglj7cxy3ranj4wgsiqvomggpdlh5qq - 'OCI-MDS.DbSystemSample.1608847538891' 

[34mINFO [0;39m 2020-12-24 19:18:11 c.o.m.m.AbstractManager: Waiting to become [Inactive] ... executed time 61 seconds (timeout: 1800s)
| DbSystem [Updating]: ocid1.mysqldbsystem.oc1.iad.aaaaaaaa2c7wy7mwhakmbvhu56sy6zglj7cxy3ranj4wgsiqvomggpdlh5qq - 'OCI-MDS.DbSystemSample.1608847538891' 

[34mINFO [0;39m 2020-12-24 19:18:23 c.o.m.m.AbstractManager: Waiting to become [Inactive] ... executed time 73 seconds (timeout: 1800s)
| DbSystem [Updating]: ocid1.mysqldbsystem.oc1.iad.aaaaaaaa2c7wy7mwhakmbvhu56sy6zglj7cxy3ranj4wgsiqvomggpdlh5qq - 'OCI-MDS.DbSystemSample.1608847538891' 

[34mINFO [0;39m 2020-12-24 19:18:35 c.o.m.m.AbstractManager: Waiting to become [Inactive] ... executed time 85 seconds (timeout: 1800s)
| DbSystem [Updating]: ocid1.mysqldbsystem.oc1.iad.aaaaaaaa2c7wy7mwhakmbvhu56sy6zglj7cxy3ranj4wgsiqvomggpdlh5qq - 'OCI-MDS.DbSystemSample.1608847538891' 

[34mINFO [0;39m 2020-12-24 19:18:47 c.o.m.m.AbstractManager: Waiting to become [Inactive] ... executed time 97 seconds (timeout: 1800s)
| DbSystem [Updating]: ocid1.mysqldbsystem.oc1.iad.aaaaaaaa2c7wy7mwhakmbvhu56sy6zglj7cxy3ranj4wgsiqvomggpdlh5qq - 'OCI-MDS.DbSystemSample.1608847538891' 

[34mINFO [0;39m 2020-12-24 19:18:59 c.o.m.m.AbstractManager: Waiting to become [Inactive] ... executed time 109 seconds (timeout: 1800s)
| DbSystem [Updating]: ocid1.mysqldbsystem.oc1.iad.aaaaaaaa2c7wy7mwhakmbvhu56sy6zglj7cxy3ranj4wgsiqvomggpdlh5qq - 'OCI-MDS.DbSystemSample.1608847538891' 

[34mINFO [0;39m 2020-12-24 19:19:11 c.o.m.m.AbstractManager: Waiting to become [Inactive] ... executed time 121 seconds (timeout: 1800s)
| DbSystem [Updating]: ocid1.mysqldbsystem.oc1.iad.aaaaaaaa2c7wy7mwhakmbvhu56sy6zglj7cxy3ranj4wgsiqvomggpdlh5qq - 'OCI-MDS.DbSystemSample.1608847538891' 

[34mINFO [0;39m 2020-12-24 19:19:23 c.o.m.m.AbstractManager: Waiting to become [Inactive] ... executed time 133 seconds (timeout: 1800s)
| DbSystem [Updating]: ocid1.mysqldbsystem.oc1.iad.aaaaaaaa2c7wy7mwhakmbvhu56sy6zglj7cxy3ranj4wgsiqvomggpdlh5qq - 'OCI-MDS.DbSystemSample.1608847538891' 

[34mINFO [0;39m 2020-12-24 19:19:35 c.o.m.m.AbstractManager: Waiting to become [Inactive] ... executed time 145 seconds (timeout: 1800s)
| DbSystem [Updating]: ocid1.mysqldbsystem.oc1.iad.aaaaaaaa2c7wy7mwhakmbvhu56sy6zglj7cxy3ranj4wgsiqvomggpdlh5qq - 'OCI-MDS.DbSystemSample.1608847538891' 

[34mINFO [0;39m 2020-12-24 19:19:47 c.o.m.m.AbstractManager: Waiting to become [Inactive] ... executed time 157 seconds (timeout: 1800s)
| DbSystem [Updating]: ocid1.mysqldbsystem.oc1.iad.aaaaaaaa2c7wy7mwhakmbvhu56sy6zglj7cxy3ranj4wgsiqvomggpdlh5qq - 'OCI-MDS.DbSystemSample.1608847538891' 

[34mINFO [0;39m 2020-12-24 19:19:58 c.o.m.m.AbstractManager: Waiting to become [Inactive] ... executed time 168 seconds (timeout: 1800s)
| DbSystem [Updating]: ocid1.mysqldbsystem.oc1.iad.aaaaaaaa2c7wy7mwhakmbvhu56sy6zglj7cxy3ranj4wgsiqvomggpdlh5qq - 'OCI-MDS.DbSystemSample.1608847538891' 

[34mINFO [0;39m 2020-12-24 19:20:10 c.o.m.m.AbstractManager: Waiting to become [Inactive] ... executed time 180 seconds (timeout: 1800s)
| DbSystem [Inactive]: ocid1.mysqldbsystem.oc1.iad.aaaaaaaa2c7wy7mwhakmbvhu56sy6zglj7cxy3ranj4wgsiqvomggpdlh5qq - 'OCI-MDS.DbSystemSample.1608847538891' 

[34mINFO [0;39m 2020-12-24 19:20:20 c.o.m.s.DbSystemSample: Starting DbSystem
[34mINFO [0;39m 2020-12-24 19:20:22 c.o.m.m.AbstractManager: Waiting to become [Active] ... executed time 0 seconds (timeout: 1800s)
| DbSystem [Updating]: ocid1.mysqldbsystem.oc1.iad.aaaaaaaa2c7wy7mwhakmbvhu56sy6zglj7cxy3ranj4wgsiqvomggpdlh5qq - 'OCI-MDS.DbSystemSample.1608847538891' 

[34mINFO [0;39m 2020-12-24 19:20:34 c.o.m.m.AbstractManager: Waiting to become [Active] ... executed time 12 seconds (timeout: 1800s)
| DbSystem [Updating]: ocid1.mysqldbsystem.oc1.iad.aaaaaaaa2c7wy7mwhakmbvhu56sy6zglj7cxy3ranj4wgsiqvomggpdlh5qq - 'OCI-MDS.DbSystemSample.1608847538891' 

[34mINFO [0;39m 2020-12-24 19:20:46 c.o.m.m.AbstractManager: Waiting to become [Active] ... executed time 24 seconds (timeout: 1800s)
| DbSystem [Updating]: ocid1.mysqldbsystem.oc1.iad.aaaaaaaa2c7wy7mwhakmbvhu56sy6zglj7cxy3ranj4wgsiqvomggpdlh5qq - 'OCI-MDS.DbSystemSample.1608847538891' 

[34mINFO [0;39m 2020-12-24 19:20:57 c.o.m.m.AbstractManager: Waiting to become [Active] ... executed time 35 seconds (timeout: 1800s)
| DbSystem [Updating]: ocid1.mysqldbsystem.oc1.iad.aaaaaaaa2c7wy7mwhakmbvhu56sy6zglj7cxy3ranj4wgsiqvomggpdlh5qq - 'OCI-MDS.DbSystemSample.1608847538891' 

[34mINFO [0;39m 2020-12-24 19:21:09 c.o.m.m.AbstractManager: Waiting to become [Active] ... executed time 47 seconds (timeout: 1800s)
| DbSystem [Updating]: ocid1.mysqldbsystem.oc1.iad.aaaaaaaa2c7wy7mwhakmbvhu56sy6zglj7cxy3ranj4wgsiqvomggpdlh5qq - 'OCI-MDS.DbSystemSample.1608847538891' 

[34mINFO [0;39m 2020-12-24 19:21:21 c.o.m.m.AbstractManager: Waiting to become [Active] ... executed time 59 seconds (timeout: 1800s)
| DbSystem [Updating]: ocid1.mysqldbsystem.oc1.iad.aaaaaaaa2c7wy7mwhakmbvhu56sy6zglj7cxy3ranj4wgsiqvomggpdlh5qq - 'OCI-MDS.DbSystemSample.1608847538891' 

[34mINFO [0;39m 2020-12-24 19:21:33 c.o.m.m.AbstractManager: Waiting to become [Active] ... executed time 71 seconds (timeout: 1800s)
| DbSystem [Updating]: ocid1.mysqldbsystem.oc1.iad.aaaaaaaa2c7wy7mwhakmbvhu56sy6zglj7cxy3ranj4wgsiqvomggpdlh5qq - 'OCI-MDS.DbSystemSample.1608847538891' 

[34mINFO [0;39m 2020-12-24 19:21:44 c.o.m.m.AbstractManager: Waiting to become [Active] ... executed time 82 seconds (timeout: 1800s)
| DbSystem [Updating]: ocid1.mysqldbsystem.oc1.iad.aaaaaaaa2c7wy7mwhakmbvhu56sy6zglj7cxy3ranj4wgsiqvomggpdlh5qq - 'OCI-MDS.DbSystemSample.1608847538891' 

[34mINFO [0;39m 2020-12-24 19:21:57 c.o.m.m.AbstractManager: Waiting to become [Active] ... executed time 95 seconds (timeout: 1800s)
| DbSystem [Updating]: ocid1.mysqldbsystem.oc1.iad.aaaaaaaa2c7wy7mwhakmbvhu56sy6zglj7cxy3ranj4wgsiqvomggpdlh5qq - 'OCI-MDS.DbSystemSample.1608847538891' 

[34mINFO [0;39m 2020-12-24 19:22:09 c.o.m.m.AbstractManager: Waiting to become [Active] ... executed time 107 seconds (timeout: 1800s)
| DbSystem [Updating]: ocid1.mysqldbsystem.oc1.iad.aaaaaaaa2c7wy7mwhakmbvhu56sy6zglj7cxy3ranj4wgsiqvomggpdlh5qq - 'OCI-MDS.DbSystemSample.1608847538891' 

[34mINFO [0;39m 2020-12-24 19:22:20 c.o.m.m.AbstractManager: Waiting to become [Active] ... executed time 118 seconds (timeout: 1800s)
| DbSystem [Updating]: ocid1.mysqldbsystem.oc1.iad.aaaaaaaa2c7wy7mwhakmbvhu56sy6zglj7cxy3ranj4wgsiqvomggpdlh5qq - 'OCI-MDS.DbSystemSample.1608847538891' 

[34mINFO [0;39m 2020-12-24 19:22:33 c.o.m.m.AbstractManager: Waiting to become [Active] ... executed time 131 seconds (timeout: 1800s)
| DbSystem [Updating]: ocid1.mysqldbsystem.oc1.iad.aaaaaaaa2c7wy7mwhakmbvhu56sy6zglj7cxy3ranj4wgsiqvomggpdlh5qq - 'OCI-MDS.DbSystemSample.1608847538891' 

[34mINFO [0;39m 2020-12-24 19:22:45 c.o.m.m.AbstractManager: Waiting to become [Active] ... executed time 142 seconds (timeout: 1800s)
| DbSystem [Updating]: ocid1.mysqldbsystem.oc1.iad.aaaaaaaa2c7wy7mwhakmbvhu56sy6zglj7cxy3ranj4wgsiqvomggpdlh5qq - 'OCI-MDS.DbSystemSample.1608847538891' 

[34mINFO [0;39m 2020-12-24 19:22:56 c.o.m.m.AbstractManager: Waiting to become [Active] ... executed time 154 seconds (timeout: 1800s)
| DbSystem [Updating]: ocid1.mysqldbsystem.oc1.iad.aaaaaaaa2c7wy7mwhakmbvhu56sy6zglj7cxy3ranj4wgsiqvomggpdlh5qq - 'OCI-MDS.DbSystemSample.1608847538891' 

[34mINFO [0;39m 2020-12-24 19:23:08 c.o.m.m.AbstractManager: Waiting to become [Active] ... executed time 165 seconds (timeout: 1800s)
| DbSystem [Updating]: ocid1.mysqldbsystem.oc1.iad.aaaaaaaa2c7wy7mwhakmbvhu56sy6zglj7cxy3ranj4wgsiqvomggpdlh5qq - 'OCI-MDS.DbSystemSample.1608847538891' 

[34mINFO [0;39m 2020-12-24 19:23:20 c.o.m.m.AbstractManager: Waiting to become [Active] ... executed time 177 seconds (timeout: 1800s)
| DbSystem [Updating]: ocid1.mysqldbsystem.oc1.iad.aaaaaaaa2c7wy7mwhakmbvhu56sy6zglj7cxy3ranj4wgsiqvomggpdlh5qq - 'OCI-MDS.DbSystemSample.1608847538891' 

[34mINFO [0;39m 2020-12-24 19:23:32 c.o.m.m.AbstractManager: Waiting to become [Active] ... executed time 189 seconds (timeout: 1800s)
| DbSystem [Updating]: ocid1.mysqldbsystem.oc1.iad.aaaaaaaa2c7wy7mwhakmbvhu56sy6zglj7cxy3ranj4wgsiqvomggpdlh5qq - 'OCI-MDS.DbSystemSample.1608847538891' 

[34mINFO [0;39m 2020-12-24 19:23:44 c.o.m.m.AbstractManager: Waiting to become [Active] ... executed time 202 seconds (timeout: 1800s)
| DbSystem [Updating]: ocid1.mysqldbsystem.oc1.iad.aaaaaaaa2c7wy7mwhakmbvhu56sy6zglj7cxy3ranj4wgsiqvomggpdlh5qq - 'OCI-MDS.DbSystemSample.1608847538891' 

[34mINFO [0;39m 2020-12-24 19:23:56 c.o.m.m.AbstractManager: Waiting to become [Active] ... executed time 214 seconds (timeout: 1800s)
| DbSystem [Updating]: ocid1.mysqldbsystem.oc1.iad.aaaaaaaa2c7wy7mwhakmbvhu56sy6zglj7cxy3ranj4wgsiqvomggpdlh5qq - 'OCI-MDS.DbSystemSample.1608847538891' 

[34mINFO [0;39m 2020-12-24 19:24:08 c.o.m.m.AbstractManager: Waiting to become [Active] ... executed time 225 seconds (timeout: 1800s)
| DbSystem [Updating]: ocid1.mysqldbsystem.oc1.iad.aaaaaaaa2c7wy7mwhakmbvhu56sy6zglj7cxy3ranj4wgsiqvomggpdlh5qq - 'OCI-MDS.DbSystemSample.1608847538891' 

[34mINFO [0;39m 2020-12-24 19:24:20 c.o.m.m.AbstractManager: Waiting to become [Active] ... executed time 238 seconds (timeout: 1800s)
| DbSystem [Active]: ocid1.mysqldbsystem.oc1.iad.aaaaaaaa2c7wy7mwhakmbvhu56sy6zglj7cxy3ranj4wgsiqvomggpdlh5qq - 'OCI-MDS.DbSystemSample.1608847538891' 

[34mINFO [0;39m 2020-12-24 19:24:30 c.o.m.s.DbSystemSample: Deleting DbSystem
[34mINFO [0;39m 2020-12-24 19:24:38 c.o.m.m.AbstractManager: Waiting to become [Deleted] ... executed time 0 seconds (timeout: 1800s)
| DbSystem [Deleting]: ocid1.mysqldbsystem.oc1.iad.aaaaaaaa2c7wy7mwhakmbvhu56sy6zglj7cxy3ranj4wgsiqvomggpdlh5qq - 'OCI-MDS.DbSystemSample.1608847538891' 

[34mINFO [0;39m 2020-12-24 19:24:50 c.o.m.m.AbstractManager: Waiting to become [Deleted] ... executed time 12 seconds (timeout: 1800s)
| DbSystem [Deleting]: ocid1.mysqldbsystem.oc1.iad.aaaaaaaa2c7wy7mwhakmbvhu56sy6zglj7cxy3ranj4wgsiqvomggpdlh5qq - 'OCI-MDS.DbSystemSample.1608847538891' 

[34mINFO [0;39m 2020-12-24 19:25:02 c.o.m.m.AbstractManager: Waiting to become [Deleted] ... executed time 24 seconds (timeout: 1800s)
| DbSystem [Deleting]: ocid1.mysqldbsystem.oc1.iad.aaaaaaaa2c7wy7mwhakmbvhu56sy6zglj7cxy3ranj4wgsiqvomggpdlh5qq - 'OCI-MDS.DbSystemSample.1608847538891' 

[34mINFO [0;39m 2020-12-24 19:25:15 c.o.m.m.AbstractManager: Waiting to become [Deleted] ... executed time 37 seconds (timeout: 1800s)
| DbSystem [Deleting]: ocid1.mysqldbsystem.oc1.iad.aaaaaaaa2c7wy7mwhakmbvhu56sy6zglj7cxy3ranj4wgsiqvomggpdlh5qq - 'OCI-MDS.DbSystemSample.1608847538891' 

[34mINFO [0;39m 2020-12-24 19:25:27 c.o.m.m.AbstractManager: Waiting to become [Deleted] ... executed time 49 seconds (timeout: 1800s)
| DbSystem [Deleting]: ocid1.mysqldbsystem.oc1.iad.aaaaaaaa2c7wy7mwhakmbvhu56sy6zglj7cxy3ranj4wgsiqvomggpdlh5qq - 'OCI-MDS.DbSystemSample.1608847538891' 

[34mINFO [0;39m 2020-12-24 19:25:39 c.o.m.m.AbstractManager: Waiting to become [Deleted] ... executed time 61 seconds (timeout: 1800s)
| DbSystem [Deleting]: ocid1.mysqldbsystem.oc1.iad.aaaaaaaa2c7wy7mwhakmbvhu56sy6zglj7cxy3ranj4wgsiqvomggpdlh5qq - 'OCI-MDS.DbSystemSample.1608847538891' 

[34mINFO [0;39m 2020-12-24 19:25:50 c.o.m.m.AbstractManager: Waiting to become [Deleted] ... executed time 72 seconds (timeout: 1800s)
| DbSystem [Deleting]: ocid1.mysqldbsystem.oc1.iad.aaaaaaaa2c7wy7mwhakmbvhu56sy6zglj7cxy3ranj4wgsiqvomggpdlh5qq - 'OCI-MDS.DbSystemSample.1608847538891' 

[34mINFO [0;39m 2020-12-24 19:26:02 c.o.m.m.AbstractManager: Waiting to become [Deleted] ... executed time 84 seconds (timeout: 1800s)
| DbSystem [Deleting]: ocid1.mysqldbsystem.oc1.iad.aaaaaaaa2c7wy7mwhakmbvhu56sy6zglj7cxy3ranj4wgsiqvomggpdlh5qq - 'OCI-MDS.DbSystemSample.1608847538891' 

[34mINFO [0;39m 2020-12-24 19:26:14 c.o.m.m.AbstractManager: Waiting to become [Deleted] ... executed time 96 seconds (timeout: 1800s)
| DbSystem [Deleting]: ocid1.mysqldbsystem.oc1.iad.aaaaaaaa2c7wy7mwhakmbvhu56sy6zglj7cxy3ranj4wgsiqvomggpdlh5qq - 'OCI-MDS.DbSystemSample.1608847538891' 

[34mINFO [0;39m 2020-12-24 19:26:26 c.o.m.m.AbstractManager: Waiting to become [Deleted] ... executed time 108 seconds (timeout: 1800s)
| DbSystem [Deleting]: ocid1.mysqldbsystem.oc1.iad.aaaaaaaa2c7wy7mwhakmbvhu56sy6zglj7cxy3ranj4wgsiqvomggpdlh5qq - 'OCI-MDS.DbSystemSample.1608847538891' 

[34mINFO [0;39m 2020-12-24 19:26:39 c.o.m.m.AbstractManager: Waiting to become [Deleted] ... executed time 121 seconds (timeout: 1800s)
| DbSystem [Deleting]: ocid1.mysqldbsystem.oc1.iad.aaaaaaaa2c7wy7mwhakmbvhu56sy6zglj7cxy3ranj4wgsiqvomggpdlh5qq - 'OCI-MDS.DbSystemSample.1608847538891' 

[34mINFO [0;39m 2020-12-24 19:26:51 c.o.m.m.AbstractManager: Waiting to become [Deleted] ... executed time 133 seconds (timeout: 1800s)
| DbSystem [Deleting]: ocid1.mysqldbsystem.oc1.iad.aaaaaaaa2c7wy7mwhakmbvhu56sy6zglj7cxy3ranj4wgsiqvomggpdlh5qq - 'OCI-MDS.DbSystemSample.1608847538891' 

[34mINFO [0;39m 2020-12-24 19:27:02 c.o.m.m.AbstractManager: Waiting to become [Deleted] ... executed time 144 seconds (timeout: 1800s)
| DbSystem [Deleting]: ocid1.mysqldbsystem.oc1.iad.aaaaaaaa2c7wy7mwhakmbvhu56sy6zglj7cxy3ranj4wgsiqvomggpdlh5qq - 'OCI-MDS.DbSystemSample.1608847538891' 

[34mINFO [0;39m 2020-12-24 19:27:15 c.o.m.m.AbstractManager: Waiting to become [Deleted] ... executed time 157 seconds (timeout: 1800s)
| DbSystem [Deleting]: ocid1.mysqldbsystem.oc1.iad.aaaaaaaa2c7wy7mwhakmbvhu56sy6zglj7cxy3ranj4wgsiqvomggpdlh5qq - 'OCI-MDS.DbSystemSample.1608847538891' 

[34mINFO [0;39m 2020-12-24 19:27:27 c.o.m.m.AbstractManager: Waiting to become [Deleted] ... executed time 169 seconds (timeout: 1800s)
| DbSystem [Deleting]: ocid1.mysqldbsystem.oc1.iad.aaaaaaaa2c7wy7mwhakmbvhu56sy6zglj7cxy3ranj4wgsiqvomggpdlh5qq - 'OCI-MDS.DbSystemSample.1608847538891' 

[34mINFO [0;39m 2020-12-24 19:27:39 c.o.m.m.AbstractManager: Waiting to become [Deleted] ... executed time 181 seconds (timeout: 1800s)
| DbSystem [Deleting]: ocid1.mysqldbsystem.oc1.iad.aaaaaaaa2c7wy7mwhakmbvhu56sy6zglj7cxy3ranj4wgsiqvomggpdlh5qq - 'OCI-MDS.DbSystemSample.1608847538891' 

[34mINFO [0;39m 2020-12-24 19:27:51 c.o.m.m.AbstractManager: Waiting to become [Deleted] ... executed time 193 seconds (timeout: 1800s)
| DbSystem [Deleting]: ocid1.mysqldbsystem.oc1.iad.aaaaaaaa2c7wy7mwhakmbvhu56sy6zglj7cxy3ranj4wgsiqvomggpdlh5qq - 'OCI-MDS.DbSystemSample.1608847538891' 

[34mINFO [0;39m 2020-12-24 19:28:03 c.o.m.m.AbstractManager: Waiting to become [Deleted] ... executed time 205 seconds (timeout: 1800s)
| DbSystem [Deleting]: ocid1.mysqldbsystem.oc1.iad.aaaaaaaa2c7wy7mwhakmbvhu56sy6zglj7cxy3ranj4wgsiqvomggpdlh5qq - 'OCI-MDS.DbSystemSample.1608847538891' 

[34mINFO [0;39m 2020-12-24 19:28:15 c.o.m.m.AbstractManager: Waiting to become [Deleted] ... executed time 217 seconds (timeout: 1800s)
| DbSystem [Deleting]: ocid1.mysqldbsystem.oc1.iad.aaaaaaaa2c7wy7mwhakmbvhu56sy6zglj7cxy3ranj4wgsiqvomggpdlh5qq - 'OCI-MDS.DbSystemSample.1608847538891' 

[34mINFO [0;39m 2020-12-24 19:28:27 c.o.m.m.AbstractManager: Waiting to become [Deleted] ... executed time 229 seconds (timeout: 1800s)
| DbSystem [Deleting]: ocid1.mysqldbsystem.oc1.iad.aaaaaaaa2c7wy7mwhakmbvhu56sy6zglj7cxy3ranj4wgsiqvomggpdlh5qq - 'OCI-MDS.DbSystemSample.1608847538891' 

[34mINFO [0;39m 2020-12-24 19:28:38 c.o.m.m.AbstractManager: Waiting to become [Deleted] ... executed time 240 seconds (timeout: 1800s)
| DbSystem [Deleted]: ocid1.mysqldbsystem.oc1.iad.aaaaaaaa2c7wy7mwhakmbvhu56sy6zglj7cxy3ranj4wgsiqvomggpdlh5qq - 'OCI-MDS.DbSystemSample.1608847538891' 

